android/app/build/intermediates/manifest_merge_blame_file/debug/manifest-merger-blame-debug-report.txt
1<?xml version="1.0" encoding="utf-8"?>
2<manifest xmlns:android="http://schemas.android.com/apk/res/android"
3    package="com.componentappproject"
4    android:versionCode="1"
5    android:versionName="1.0" >
6
7    <uses-sdk
8        android:minSdkVersion="16"
9        android:targetSdkVersion="28" />
10
11    <uses-permission android:name="android.permission.SYSTEM_ALERT_WINDOW" />
11-->src/debug/AndroidManifest.xml:5:5-77
11-->src/debug/AndroidManifest.xml:5:22-75
12    <uses-permission android:name="android.permission.INTERNET" />
12-->src/main/AndroidManifest.xml:4:5-67
12-->src/main/AndroidManifest.xml:4:22-64
13    <uses-permission android:name="android.permission.CAMERA" />
13-->src/main/AndroidManifest.xml:5:5-65
13-->src/main/AndroidManifest.xml:5:22-62
14    <uses-permission android:name="android.permission.VIBRATE" />
14-->src/main/AndroidManifest.xml:6:5-66
14-->src/main/AndroidManifest.xml:6:22-63
15
16    <uses-feature
16-->[:react-native-camera] AndroidManifest.xml:11:5-13:36
17        android:name="android.hardware.camera"
17-->[:react-native-camera] AndroidManifest.xml:12:9-47
18        android:required="false" />
18-->[:react-native-camera] AndroidManifest.xml:13:9-33
19    <uses-feature
19-->[:react-native-camera] AndroidManifest.xml:14:5-16:36
20        android:name="android.hardware.camera.autofocus"
20-->[:react-native-camera] AndroidManifest.xml:15:9-57
21        android:required="false" /> <!-- Required to access Google Play Licensing -->
21-->[:react-native-camera] AndroidManifest.xml:16:9-33
22    <uses-permission android:name="com.android.vending.CHECK_LICENSE" />
22-->[:rn-fetch-blob] AndroidManifest.xml:12:5-73
22-->[:rn-fetch-blob] AndroidManifest.xml:12:22-70
23    <!--
24         Required to keep CPU alive while downloading files
25        (NOT to keep screen awake)
26    -->
27    <uses-permission android:name="android.permission.WAKE_LOCK" />
27-->[:rn-fetch-blob] AndroidManifest.xml:21:5-68
27-->[:rn-fetch-blob] AndroidManifest.xml:21:22-65
28    <!--
29         Required to poll the state of the network connection
30        and respond to changes
31    -->
32    <uses-permission android:name="android.permission.ACCESS_NETWORK_STATE" /> <!-- Required to check whether Wi-Fi is enabled -->
32-->[:rn-fetch-blob] AndroidManifest.xml:27:5-79
32-->[:rn-fetch-blob] AndroidManifest.xml:27:22-76
33    <uses-permission android:name="android.permission.ACCESS_WIFI_STATE" /> <!-- Required to read and write the expansion files on shared storage -->
33-->[:rn-fetch-blob] AndroidManifest.xml:30:5-76
33-->[:rn-fetch-blob] AndroidManifest.xml:30:22-73
34    <uses-permission android:name="android.permission.WRITE_EXTERNAL_STORAGE" />
34-->[:rn-fetch-blob] AndroidManifest.xml:33:5-81
34-->[:rn-fetch-blob] AndroidManifest.xml:33:22-78
35
36    <application
36-->src/main/AndroidManifest.xml:8:5-27:19
37        android:name="com.componentappproject.MainApplication"
37-->src/main/AndroidManifest.xml:9:7-38
38        android:allowBackup="false"
38-->src/main/AndroidManifest.xml:14:7-34
39        android:appComponentFactory="androidx.core.app.CoreComponentFactory"
39-->[androidx.core:core:1.0.1] AndroidManifest.xml:22:18-86
40        android:debuggable="true"
41        android:hardwareAccelerated="true"
41-->src/main/AndroidManifest.xml:10:7-41
42        android:icon="@mipmap/ic_launcher"
42-->src/main/AndroidManifest.xml:12:7-41
43        android:label="@string/app_name"
43-->src/main/AndroidManifest.xml:11:7-39
44        android:roundIcon="@mipmap/ic_launcher_round"
44-->src/main/AndroidManifest.xml:13:7-52
45        android:theme="@style/AppTheme"
45-->src/main/AndroidManifest.xml:15:7-38
46        android:usesCleartextTraffic="true" >
46-->src/debug/AndroidManifest.xml:7:18-53
47        <activity
47-->src/main/AndroidManifest.xml:16:7-25:18
48            android:name="com.componentappproject.MainActivity"
48-->src/main/AndroidManifest.xml:17:9-37
49            android:configChanges="keyboard|keyboardHidden|orientation|screenSize"
49-->src/main/AndroidManifest.xml:19:9-79
50            android:label="@string/app_name"
50-->src/main/AndroidManifest.xml:18:9-41
51            android:windowSoftInputMode="adjustResize" >
51-->src/main/AndroidManifest.xml:20:9-51
52            <intent-filter>
52-->src/main/AndroidManifest.xml:21:9-24:25
53                <action android:name="android.intent.action.MAIN" />
53-->src/main/AndroidManifest.xml:22:13-65
53-->src/main/AndroidManifest.xml:22:21-62
54
55                <category android:name="android.intent.category.LAUNCHER" />
55-->src/main/AndroidManifest.xml:23:13-73
55-->src/main/AndroidManifest.xml:23:23-70
56            </intent-filter>
57        </activity>
58        <activity android:name="com.facebook.react.devsupport.DevSettingsActivity" />
58-->src/main/AndroidManifest.xml:26:7-84
58-->src/main/AndroidManifest.xml:26:17-81
59
60        <provider
60-->[:rn-fetch-blob] AndroidManifest.xml:36:9-44:20
61            android:name="com.RNFetchBlob.Utils.FileProvider"
61-->[:rn-fetch-blob] AndroidManifest.xml:37:13-62
62            android:authorities="com.componentappproject.provider"
62-->[:rn-fetch-blob] AndroidManifest.xml:38:13-60
63            android:exported="false"
63-->[:rn-fetch-blob] AndroidManifest.xml:39:13-37
64            android:grantUriPermissions="true" >
64-->[:rn-fetch-blob] AndroidManifest.xml:40:13-47
65            <meta-data
65-->[:rn-fetch-blob] AndroidManifest.xml:41:13-43:58
66                android:name="android.support.FILE_PROVIDER_PATHS"
66-->[:rn-fetch-blob] AndroidManifest.xml:42:17-67
67                android:resource="@xml/provider_paths" />
67-->[:rn-fetch-blob] AndroidManifest.xml:43:17-55
68        </provider>
69
70        <activity
70-->[com.google.android.gms:play-services-base:16.0.1] AndroidManifest.xml:23:9-26:75
71            android:name="com.google.android.gms.common.api.GoogleApiActivity"
71-->[com.google.android.gms:play-services-base:16.0.1] AndroidManifest.xml:24:13-79
72            android:exported="false"
72-->[com.google.android.gms:play-services-base:16.0.1] AndroidManifest.xml:25:13-37
73            android:theme="@android:style/Theme.Translucent.NoTitleBar" />
73-->[com.google.android.gms:play-services-base:16.0.1] AndroidManifest.xml:26:13-72
74
75        <meta-data
75-->[com.google.android.gms:play-services-basement:16.1.0] AndroidManifest.xml:23:9-25:69
76            android:name="com.google.android.gms.version"
76-->[com.google.android.gms:play-services-basement:16.1.0] AndroidManifest.xml:24:13-58
77            android:value="@integer/google_play_services_version" />
77-->[com.google.android.gms:play-services-basement:16.1.0] AndroidManifest.xml:25:13-66
78    </application>
79
80</manifest>